<?xml version="1.0" encoding="UTF-8"?>
<!-- Generated by org.testng.reporters.JUnitReportReporter -->
<testsuite skipped="0" hostname="Ajay" name="com.qa.testoutput.GetAPITest" tests="1" failures="0" timestamp="2019-09-12T01:22:42 IST" time="2.935" errors="0">
  <testcase name="case1" time="2.935" classname="com.qa.testoutput.GetAPITest"/>
</testsuite> <!-- com.qa.testoutput.GetAPITest -->
