<?xml version="1.0" encoding="UTF-8"?>
<!-- Generated by org.testng.reporters.JUnitReportReporter -->
<testsuite skipped="0" hostname="Ajay" name="com.qa.testoutput.GetAPITest" tests="1" failures="0" timestamp="2019-09-09T02:36:32 IST" time="4.043" errors="0">
  <testcase name="setUp" time="4.043" classname="com.qa.testoutput.GetAPITest"/>
</testsuite> <!-- com.qa.testoutput.GetAPITest -->
